<?xml version="1.0" encoding="UTF-8" ?>
<testsuite errors="0" failures="0" hostname="mikko-System-Product-Name" name="compression.AuxiliaryMethodsTest" tests="3" time="0.073" timestamp="2013-05-27T13:37:45">
  <properties>
[...]
</properties>
  <testcase classname="compression.AuxiliaryMethodsTest" name="testBgrIntegerToColor" time="0.005" />
  <testcase classname="compression.AuxiliaryMethodsTest" name="testColorsToBgrInteger" time="0.0" />
  <testcase classname="compression.AuxiliaryMethodsTest" name="testFromIntegerToByteAndBack" time="0.019" />
  <system-out><![CDATA[]]></system-out>
  <system-err><![CDATA[]]></system-err>
</testsuite>
